The system is: Windows - 10.0.17763 - AMD64
Compiling the C compiler identification source file "CMakeCCompilerId.c" succeeded.
Compiler: C:/Program Files (x86)/Microsoft Visual Studio/2019/Community/VC/Tools/MSVC/14.26.28801/bin/HostX64/x64/cl.exe 
Build flags: 
Id flags:  

The output was:
0
Microsoft (R) C/C++ Optimizing Compiler Version 19.26.28806 for x64
Copyright (C) Microsoft Corporation.  All rights reserved.

CMakeCCompilerId.c
Microsoft (R) Incremental Linker Version 14.26.28806.0
Copyright (C) Microsoft Corporation.  All rights reserved.

/out:CMakeCCompilerId.exe 
CMakeCCompilerId.obj 


Compilation of the C compiler identification source "CMakeCCompilerId.c" produced "CMakeCCompilerId.exe"

Compilation of the C compiler identification source "CMakeCCompilerId.c" produced "CMakeCCompilerId.obj"

The C compiler identification is MSVC, found in "D:/Devel/msys64/home/haru/project/inc/glm/out/build/x64-Debug (default)/CMakeFiles/3.17.20032601-MSVC_2/CompilerIdC/CMakeCCompilerId.exe"

Compiling the CXX compiler identification source file "CMakeCXXCompilerId.cpp" succeeded.
Compiler: C:/Program Files (x86)/Microsoft Visual Studio/2019/Community/VC/Tools/MSVC/14.26.28801/bin/HostX64/x64/cl.exe 
Build flags: 
Id flags:  

The output was:
0
Microsoft (R) C/C++ Optimizing Compiler Version 19.26.28806 for x64
Copyright (C) Microsoft Corporation.  All rights reserved.

CMakeCXXCompilerId.cpp
Microsoft (R) Incremental Linker Version 14.26.28806.0
Copyright (C) Microsoft Corporation.  All rights reserved.

/out:CMakeCXXCompilerId.exe 
CMakeCXXCompilerId.obj 


Compilation of the CXX compiler identification source "CMakeCXXCompilerId.cpp" produced "CMakeCXXCompilerId.exe"

Compilation of the CXX compiler identification source "CMakeCXXCompilerId.cpp" produced "CMakeCXXCompilerId.obj"

The CXX compiler identification is MSVC, found in "D:/Devel/msys64/home/haru/project/inc/glm/out/build/x64-Debug (default)/CMakeFiles/3.17.20032601-MSVC_2/CompilerIdCXX/CMakeCXXCompilerId.exe"

Determining if the C compiler works passed with the following output:
Change Dir: D:/Devel/msys64/home/haru/project/inc/glm/out/build/x64-Debug (default)/CMakeFiles/CMakeTmp

Run Build Command(s):C:/Program Files (x86)/Microsoft Visual Studio/2019/Community/Common7/IDE/CommonExtensions/Microsoft/CMake/Ninja/ninja.exe cmTC_dae72 && [1/2] Building C object CMakeFiles\cmTC_dae72.dir\testCCompiler.c.obj
[2/2] Linking C executable cmTC_dae72.exe



Detecting C compiler ABI info compiled with the following output:
Change Dir: D:/Devel/msys64/home/haru/project/inc/glm/out/build/x64-Debug (default)/CMakeFiles/CMakeTmp

Run Build Command(s):C:/Program Files (x86)/Microsoft Visual Studio/2019/Community/Common7/IDE/CommonExtensions/Microsoft/CMake/Ninja/ninja.exe cmTC_cbef7 && [1/2] Building C object CMakeFiles\cmTC_cbef7.dir\CMakeCCompilerABI.c.obj
[2/2] Linking C executable cmTC_cbef7.exe



Determining if the CXX compiler works passed with the following output:
Change Dir: D:/Devel/msys64/home/haru/project/inc/glm/out/build/x64-Debug (default)/CMakeFiles/CMakeTmp

Run Build Command(s):C:/Program Files (x86)/Microsoft Visual Studio/2019/Community/Common7/IDE/CommonExtensions/Microsoft/CMake/Ninja/ninja.exe cmTC_ea8ef && [1/2] Building CXX object CMakeFiles\cmTC_ea8ef.dir\testCXXCompiler.cxx.obj
[2/2] Linking CXX executable cmTC_ea8ef.exe



Detecting CXX compiler ABI info compiled with the following output:
Change Dir: D:/Devel/msys64/home/haru/project/inc/glm/out/build/x64-Debug (default)/CMakeFiles/CMakeTmp

Run Build Command(s):C:/Program Files (x86)/Microsoft Visual Studio/2019/Community/Common7/IDE/CommonExtensions/Microsoft/CMake/Ninja/ninja.exe cmTC_6f5fd && [1/2] Building CXX object CMakeFiles\cmTC_6f5fd.dir\CMakeCXXCompilerABI.cpp.obj
[2/2] Linking CXX executable cmTC_6f5fd.exe



